"../../../../../UnrealProjects/MultiplayerSKirov/BattleTank/BattleTankGame/Content/Battleground_BuiltData.uasset" 0
"../../../../../UnrealProjects/MultiplayerSKirov/BattleTank/BattleTankGame/Content/Battleground_LowPoly_BuiltData.uasset" 1
"../../../../../UnrealProjects/MultiplayerSKirov/BattleTank/BattleTankGame/Content/StarterContent/Materials/M_Basic_Wall.uasset" 2
"../../../../../UnrealProjects/MultiplayerSKirov/BattleTank/BattleTankGame/Content/StarterContent/Architecture/Pillar_50x500.uasset" 3
"../../../../../UnrealProjects/MultiplayerSKirov/BattleTank/BattleTankGame/Content/StarterContent/Architecture/Wall_400x300.uasset" 4
"../../../../../UnrealProjects/MultiplayerSKirov/BattleTank/BattleTankGame/Content/StarterContent/Architecture/Wall_400x400.uasset" 5
"../../../../../UnrealProjects/MultiplayerSKirov/BattleTank/BattleTankGame/Content/StarterContent/Architecture/Wall_500x500.uasset" 6
"../../../../../UnrealProjects/MultiplayerSKirov/BattleTank/BattleTankGame/Content/StarterContent/Architecture/Wall_Door_400x400.uasset" 7
"../../../../../UnrealProjects/MultiplayerSKirov/BattleTank/BattleTankGame/Content/StarterContent/Architecture/Wall_Window_400x400.uasset" 8
"../../../../../UnrealProjects/MultiplayerSKirov/BattleTank/BattleTankGame/Content/StarterContent/Audio/Collapse01.uasset" 9
"../../../../../UnrealProjects/MultiplayerSKirov/BattleTank/BattleTankGame/Content/StarterContent/Audio/Collapse02.uasset" 10
"../../../../../UnrealProjects/MultiplayerSKirov/BattleTank/BattleTankGame/Content/StarterContent/Audio/Explosion01.uasset" 11
"../../../../../UnrealProjects/MultiplayerSKirov/BattleTank/BattleTankGame/Content/StarterContent/Audio/Explosion02.uasset" 12
"../../../../../UnrealProjects/MultiplayerSKirov/BattleTank/BattleTankGame/Content/StarterContent/Audio/Fire01.uasset" 13
"../../../../../UnrealProjects/MultiplayerSKirov/BattleTank/BattleTankGame/Content/StarterContent/Audio/Fire_Sparks01.uasset" 14
"../../../../../UnrealProjects/MultiplayerSKirov/BattleTank/BattleTankGame/Content/StarterContent/Audio/Light01.uasset" 15
"../../../../../UnrealProjects/MultiplayerSKirov/BattleTank/BattleTankGame/Content/StarterContent/Audio/Light01_Cue.uasset" 16
"../../../../../UnrealProjects/MultiplayerSKirov/BattleTank/BattleTankGame/Content/StarterContent/Audio/Light02.uasset" 17
"../../../../../UnrealProjects/MultiplayerSKirov/BattleTank/BattleTankGame/Content/StarterContent/Audio/Light02_Cue.uasset" 18
"../../../../../UnrealProjects/MultiplayerSKirov/BattleTank/BattleTankGame/Content/StarterContent/Audio/Smoke01.uasset" 19
"../../../../../UnrealProjects/MultiplayerSKirov/BattleTank/BattleTankGame/Content/StarterContent/Audio/Starter_Birds01.uasset" 20
"../../../../../UnrealProjects/MultiplayerSKirov/BattleTank/BattleTankGame/Content/StarterContent/Audio/Starter_Music01.uasset" 21
"../../../../../UnrealProjects/MultiplayerSKirov/BattleTank/BattleTankGame/Content/StarterContent/Audio/Starter_Wind05.uasset" 22
"../../../../../UnrealProjects/MultiplayerSKirov/BattleTank/BattleTankGame/Content/StarterContent/Audio/Starter_Wind06.uasset" 23
"../../../../../UnrealProjects/MultiplayerSKirov/BattleTank/BattleTankGame/Content/StarterContent/Audio/Steam01.uasset" 24
"../../../../../UnrealProjects/MultiplayerSKirov/BattleTank/BattleTankGame/Content/StarterContent/Audio/Explosion_Cue.uasset" 25
"../../../../../UnrealProjects/MultiplayerSKirov/BattleTank/BattleTankGame/Content/StarterContent/Textures/T_Burst_M.uasset" 26
"../../../../../UnrealProjects/MultiplayerSKirov/BattleTank/BattleTankGame/Content/StarterContent/Particles/Materials/M_Burst.uasset" 27
"../../../../../UnrealProjects/MultiplayerSKirov/BattleTank/BattleTankGame/Content/StarterContent/Textures/T_Explosion_SubUV.uasset" 28
"../../../../../UnrealProjects/MultiplayerSKirov/BattleTank/BattleTankGame/Content/StarterContent/Particles/Materials/M_explosion_subUV.uasset" 29
"../../../../../UnrealProjects/MultiplayerSKirov/BattleTank/BattleTankGame/Content/StarterContent/Particles/Materials/m_flare_01.uasset" 30
"../../../Engine/Content/Functions/Engine_MaterialFunctions01/Gradient/RadialGradient.uasset" 31
"../../../../../UnrealProjects/MultiplayerSKirov/BattleTank/BattleTankGame/Content/StarterContent/Particles/Materials/M_radial_ramp.uasset" 32
"../../../../../UnrealProjects/MultiplayerSKirov/BattleTank/BattleTankGame/Content/StarterContent/Textures/T_Smoke_SubUV.uasset" 33
"../../../../../UnrealProjects/MultiplayerSKirov/BattleTank/BattleTankGame/Content/StarterContent/Textures/T_Smoke_Tiled_D.uasset" 34
"../../../../../UnrealProjects/MultiplayerSKirov/BattleTank/BattleTankGame/Content/StarterContent/Particles/Materials/M_smoke_subUV.uasset" 35
"../../../../../UnrealProjects/MultiplayerSKirov/BattleTank/BattleTankGame/Content/StarterContent/Particles/P_Explosion.uasset" 36
"../../../../../UnrealProjects/MultiplayerSKirov/BattleTank/BattleTankGame/Content/StarterContent/Blueprints/Blueprint_Effect_Explosion.uasset" 37
"../../../Engine/Content/EditorMeshes/ColorCalibrator/T_ColorGrid.uasset" 38
"../../../../../UnrealProjects/MultiplayerSKirov/BattleTank/BattleTankGame/Content/StarterContent/Materials/M_ColorGrid_LowSpec.uasset" 39
"../../../../../UnrealProjects/MultiplayerSKirov/BattleTank/BattleTankGame/Content/StarterContent/Textures/T_Bush_D.uasset" 40
"../../../../../UnrealProjects/MultiplayerSKirov/BattleTank/BattleTankGame/Content/StarterContent/Textures/T_Bush_N.uasset" 41
"../../../../../UnrealProjects/MultiplayerSKirov/BattleTank/BattleTankGame/Content/StarterContent/Props/Materials/M_Bush.uasset" 42
"../../../../../UnrealProjects/MultiplayerSKirov/BattleTank/BattleTankGame/Content/StarterContent/Props/SM_Bush.uasset" 43
"../../../../../UnrealProjects/MultiplayerSKirov/BattleTank/BattleTankGame/Content/StarterContent/Textures/T_Chair_M.uasset" 44
"../../../../../UnrealProjects/MultiplayerSKirov/BattleTank/BattleTankGame/Content/StarterContent/Textures/T_Chair_N.uasset" 45
"../../../../../UnrealProjects/MultiplayerSKirov/BattleTank/BattleTankGame/Content/StarterContent/Props/Materials/M_Chair.uasset" 46
"../../../../../UnrealProjects/MultiplayerSKirov/BattleTank/BattleTankGame/Content/StarterContent/Props/SM_Couch.uasset" 47
"../../../../../UnrealProjects/MultiplayerSKirov/BattleTank/BattleTankGame/Content/StarterContent/Materials/M_Glass.uasset" 48
"../../../../../UnrealProjects/MultiplayerSKirov/BattleTank/BattleTankGame/Content/StarterContent/Textures/T_Door_M.uasset" 49
"../../../../../UnrealProjects/MultiplayerSKirov/BattleTank/BattleTankGame/Content/StarterContent/Textures/T_Door_N.uasset" 50
"../../../../../UnrealProjects/MultiplayerSKirov/BattleTank/BattleTankGame/Content/StarterContent/Props/Materials/M_Door.uasset" 51
"../../../../../UnrealProjects/MultiplayerSKirov/BattleTank/BattleTankGame/Content/StarterContent/Props/SM_Door.uasset" 52
"../../../../../UnrealProjects/MultiplayerSKirov/BattleTank/BattleTankGame/Content/StarterContent/Props/Materials/M_MaterialSphere.uasset" 53
"../../../../../UnrealProjects/MultiplayerSKirov/BattleTank/BattleTankGame/Content/StarterContent/Props/Materials/M_MaterialSphere_Plain.uasset" 54
"../../../../../UnrealProjects/MultiplayerSKirov/BattleTank/BattleTankGame/Content/StarterContent/Props/SM_MatPreviewMesh_02.uasset" 55
"../../../Engine/Content/Functions/Engine_MaterialFunctions02/Utility/BlendAngleCorrectedNormals.uasset" 56
"../../../../../UnrealProjects/MultiplayerSKirov/BattleTank/BattleTankGame/Content/StarterContent/Textures/T_Detail_Rocky_N.uasset" 57
"../../../../../UnrealProjects/MultiplayerSKirov/BattleTank/BattleTankGame/Content/StarterContent/Textures/T_Rock_Basalt_D.uasset" 58
"../../../../../UnrealProjects/MultiplayerSKirov/BattleTank/BattleTankGame/Content/StarterContent/Textures/T_RockMesh_M.uasset" 59
"../../../../../UnrealProjects/MultiplayerSKirov/BattleTank/BattleTankGame/Content/StarterContent/Textures/T_RockMesh_N.uasset" 60
"../../../../../UnrealProjects/MultiplayerSKirov/BattleTank/BattleTankGame/Content/StarterContent/Props/Materials/M_Rock.uasset" 61
"../../../../../UnrealProjects/MultiplayerSKirov/BattleTank/BattleTankGame/Content/StarterContent/Props/SM_Rock.uasset" 62
"../../../../../UnrealProjects/MultiplayerSKirov/BattleTank/BattleTankGame/Content/StarterContent/Textures/T_Shelf_M.uasset" 63
"../../../../../UnrealProjects/MultiplayerSKirov/BattleTank/BattleTankGame/Content/StarterContent/Textures/T_Shelf_N.uasset" 64
"../../../../../UnrealProjects/MultiplayerSKirov/BattleTank/BattleTankGame/Content/StarterContent/Props/Materials/M_Shelf.uasset" 65
"../../../../../UnrealProjects/MultiplayerSKirov/BattleTank/BattleTankGame/Content/StarterContent/Props/SM_Shelf.uasset" 66
"../../../../../UnrealProjects/MultiplayerSKirov/BattleTank/BattleTankGame/Content/StarterContent/Materials/M_Basic_Floor.uasset" 67
"../../../../../UnrealProjects/MultiplayerSKirov/BattleTank/BattleTankGame/Content/StarterContent/Props/SM_Stairs.uasset" 68
"../../../../../UnrealProjects/MultiplayerSKirov/BattleTank/BattleTankGame/Content/StarterContent/Shapes/Shape_Cone.uasset" 69
"../../../../../UnrealProjects/MultiplayerSKirov/BattleTank/BattleTankGame/Content/StarterContent/Shapes/Shape_Cylinder.uasset" 70
"../../../../../UnrealProjects/MultiplayerSKirov/BattleTank/BattleTankGame/Content/StarterContent/Shapes/Shape_NarrowCapsule.uasset" 71
"../../../../../UnrealProjects/MultiplayerSKirov/BattleTank/BattleTankGame/Content/StarterContent/Shapes/Shape_Pipe.uasset" 72
"../../../../../UnrealProjects/MultiplayerSKirov/BattleTank/BattleTankGame/Content/StarterContent/Shapes/Shape_Pipe_180.uasset" 73
"../../../../../UnrealProjects/MultiplayerSKirov/BattleTank/BattleTankGame/Content/StarterContent/Shapes/Shape_Pipe_90.uasset" 74
"../../../../../UnrealProjects/MultiplayerSKirov/BattleTank/BattleTankGame/Content/StarterContent/Shapes/Shape_Plane.uasset" 75
"../../../../../UnrealProjects/MultiplayerSKirov/BattleTank/BattleTankGame/Content/StarterContent/Shapes/Shape_Torus.uasset" 76
"../../../../../UnrealProjects/MultiplayerSKirov/BattleTank/BattleTankGame/Content/StarterContent/Shapes/Shape_Trim.uasset" 77
"../../../../../UnrealProjects/MultiplayerSKirov/BattleTank/BattleTankGame/Content/StarterContent/Shapes/Shape_Trim_90_In.uasset" 78
"../../../../../UnrealProjects/MultiplayerSKirov/BattleTank/BattleTankGame/Content/StarterContent/Shapes/Shape_Trim_90_Out.uasset" 79
"../../../../../UnrealProjects/MultiplayerSKirov/BattleTank/BattleTankGame/Content/StarterContent/Shapes/Shape_TriPyramid.uasset" 80
"../../../../../UnrealProjects/MultiplayerSKirov/BattleTank/BattleTankGame/Content/StarterContent/Shapes/Shape_Tube.uasset" 81
"../../../../../UnrealProjects/MultiplayerSKirov/BattleTank/BattleTankGame/Content/StarterContent/Shapes/Shape_Wedge_A.uasset" 82
"../../../../../UnrealProjects/MultiplayerSKirov/BattleTank/BattleTankGame/Content/StarterContent/Shapes/Shape_Wedge_B.uasset" 83
"../../../../../UnrealProjects/MultiplayerSKirov/BattleTank/BattleTankGame/Content/StarterContent/Shapes/Shape_WideCapsule.uasset" 84
"../../../../../UnrealProjects/MultiplayerSKirov/BattleTank/BattleTankGame/Content/Tank/tank_fbx_Barrel.uasset" 85
"../../../../../UnrealProjects/MultiplayerSKirov/BattleTank/BattleTankGame/Content/Tank/tank_fbx_Track.uasset" 86
"../../../../../UnrealProjects/MultiplayerSKirov/BattleTank/BattleTankGame/Content/Tank/tank_fbx_Body.uasset" 87
"../../../../../UnrealProjects/MultiplayerSKirov/BattleTank/BattleTankGame/Content/Tank/tank_fbx_Turret.uasset" 88
"../../../../../UnrealProjects/MultiplayerSKirov/BattleTank/BattleTankGame/Content/Tank/Tank_BP.uasset" 89
"../../../Engine/Content/Functions/Engine_MaterialFunctions01/Opacity/CameraDepthFade.uasset" 90
"../../../Engine/Content/EngineMaterials/T_Default_Material_Grid_M.uasset" 91
"../../../Engine/Content/EngineMaterials/T_Default_Material_Grid_N.uasset" 92
"../../../Engine/Content/EngineMaterials/DefaultMaterial.uasset" 93
"../../../Engine/Content/BasicShapes/Cone.uasset" 94
"../../../Engine/Content/EngineMaterials/WorldGridMaterial.uasset" 95
"../../../Engine/Content/BasicShapes/Cube.uasset" 96
"../../../Engine/Content/BasicShapes/Cylinder.uasset" 97
"../../../Engine/Content/BasicShapes/Plane.uasset" 98
"../../../Engine/Content/BasicShapes/Sphere.uasset" 99
"../../../Engine/Content/EditorLandscapeResources/DataLayer.uasset" 100
"../../../Engine/Content/EditorMaterials/GizmoMaterial.uasset" 101
"../../../Engine/Content/EditorMaterials/MAT_Groups_Toggle.uasset" 102
"../../../Engine/Content/EditorMaterials/MAT_Groups_Visibility.uasset" 103
"../../../Engine/Content/EditorMaterials/PreviewShadowIndicator.uasset" 104
"../../../Engine/Content/EditorMaterials/PreviewShadowIndicatorMaterial.uasset" 105
"../../../Engine/Content/EditorMaterials/MatineeGroups/MAT_ColorTrack.uasset" 106
"../../../Engine/Content/EditorMaterials/MatineeGroups/MAT_Groups_Anim.uasset" 107
"../../../Engine/Content/EditorMaterials/MatineeGroups/MAT_Groups_AudioMaster.uasset" 108
"../../../Engine/Content/EditorMaterials/MatineeGroups/MAT_Groups_Director.uasset" 109
"../../../Engine/Content/EditorMaterials/MatineeGroups/MAT_Groups_Event.uasset" 110
"../../../Engine/Content/EditorMaterials/MatineeGroups/MAT_Groups_Fade.uasset" 111
"../../../Engine/Content/EditorMaterials/MatineeGroups/MAT_Groups_Float.uasset" 112
"../../../Engine/Content/EditorMaterials/MatineeGroups/MAT_Groups_Move.uasset" 113
"../../../Engine/Content/EditorMaterials/MatineeGroups/MAT_Groups_Slomo.uasset" 114
"../../../Engine/Content/EditorMaterials/MatineeGroups/MAT_Groups_Sound.uasset" 115
"../../../Engine/Content/EditorMaterials/MatineeGroups/MAT_Groups_Vector.uasset" 116
"../../../Engine/Content/EditorMaterials/ParticleSystems/PSysThumbnail_NoImage.uasset" 117
"../../../Engine/Content/EditorMaterials/ParticleSystems/PSysThumbnail_OOD.uasset" 118
"../../../Engine/Content/EditorMaterials/Camera/CineMat.uasset" 119
"../../../Engine/Content/EditorMaterials/Camera/MI_CineMat_Rig.uasset" 120
"../../../Engine/Content/EditorMeshes/Camera/SM_CraneRig_Arm.uasset" 121
"../../../Engine/Content/EditorMeshes/Camera/SM_CraneRig_Base.uasset" 122
"../../../Engine/Content/EditorMeshes/Camera/SM_CraneRig_Body.uasset" 123
"../../../Engine/Content/EditorMeshes/Camera/SM_CraneRig_Mount.uasset" 124
"../../../Engine/Content/EditorMeshes/Camera/SM_RailRig_Mount.uasset" 125
"../../../Engine/Content/EditorMeshes/Camera/SM_RailRig_Track.uasset" 126
"../../../Engine/Content/EditorResources/BSPVertex.uasset" 127
"../../../Engine/Content/EditorResources/EmptyActor.uasset" 128
"../../../Engine/Content/EditorResources/S_Actor.uasset" 129
"../../../Engine/Content/EditorResources/S_Trigger.uasset" 130
"../../../Engine/Content/EditorResources/AudioIcons/S_AudioComponent.uasset" 131
"../../../Engine/Content/EditorResources/AudioIcons/S_AudioComponent_AutoActivate.uasset" 132
"../../../Engine/Content/EditorResources/LightIcons/S_LightError.uasset" 133
"../../../Engine/Content/EditorResources/SequenceRecorder/Countdown.uasset" 134
"../../../Engine/Content/EditorResources/SequenceRecorder/RecordingIndicator.uasset" 135
"../../../Engine/Content/EditorSounds/Notifications/CompileFailed.uasset" 136
"../../../Engine/Content/EditorSounds/Notifications/CompileFailed_Cue.uasset" 137
"../../../Engine/Content/EditorSounds/Notifications/CompileSuccess.uasset" 138
"../../../Engine/Content/EditorSounds/Notifications/CompileStart_Cue.uasset" 139
"../../../Engine/Content/EditorSounds/Notifications/CompileSuccess_Cue.uasset" 140
"../../../Engine/Content/EngineDamageTypes/DmgTypeBP_Environmental.uasset" 141
"../../../Engine/Content/EngineDebugMaterials/HeatmapGradient.uasset" 142
"../../../Engine/Content/EngineDebugMaterials/BoneWeightMaterial.uasset" 143
"../../../Engine/Content/EngineDebugMaterials/ClothMaterial.uasset" 144
"../../../Engine/Content/EngineDebugMaterials/ClothMaterial_WF.uasset" 145
"../../../Engine/Content/EngineDebugMaterials/DebugEditorMaterial.uasset" 146
"../../../Engine/Content/EngineDebugMaterials/DebugMeshMaterial.uasset" 147
"../../../Engine/Content/EngineDebugMaterials/GeomMaterial.uasset" 148
"../../../Engine/Content/EngineFonts/Faces/RobotoBold.uasset" 149
"../../../Engine/Content/EngineFonts/Faces/RobotoBoldItalic.uasset" 150
"../../../Engine/Content/EngineFonts/Faces/RobotoItalic.uasset" 151
"../../../Engine/Content/EngineFonts/Faces/RobotoLight.uasset" 152
"../../../Engine/Content/EngineFonts/Faces/RobotoRegular.uasset" 153
"../../../Engine/Content/EngineFonts/Roboto.uasset" 154
"../../../Engine/Content/EngineFonts/Faces/RobotoTiny.uasset" 155
"../../../Engine/Content/EngineFonts/RobotoTiny.uasset" 156
"../../../Engine/Content/EngineMaterials/DefaultBloomKernel.uasset" 157
"../../../Engine/Content/EngineMaterials/DefaultBokeh.uasset" 158
"../../../Engine/Content/EngineMaterials/DefaultDiffuse.uasset" 159
"../../../Engine/Content/EngineMaterials/DefaultDeferredDecalMaterial.uasset" 160
"../../../Engine/Content/EngineMaterials/DefaultLightFunctionMaterial.uasset" 161
"../../../Engine/Content/Functions/Engine_MaterialFunctions02/Utility/BreakOutFloat2Components.uasset" 162
"../../../Engine/Content/EngineMaterials/DefaultPostProcessMaterial.uasset" 163
"../../../Engine/Content/EngineFonts/RobotoDistanceField.uasset" 164
"../../../Engine/Content/EngineMaterials/DefaultTextMaterialOpaque.uasset" 165
"../../../Engine/Content/EngineMaterials/DefaultWhiteGrid.uasset" 166
"../../../Engine/Content/EngineMaterials/EditorBrushMaterial.uasset" 167
"../../../Engine/Content/EngineMaterials/Good64x64TilingNoiseHighFreq.uasset" 168
"../../../Engine/Content/EngineMaterials/MiniFont.uasset" 169
"../../../Engine/Content/EngineMaterials/InvalidLightmapSettings.uasset" 170
"../../../Engine/Content/EngineMaterials/M_InvalidLightmapSettings.uasset" 171
"../../../Engine/Content/Functions/Engine_MaterialFunctions02/WorldPositionOffset/CameraOffset.uasset" 172
"../../../Engine/Content/EngineMaterials/PhAT_JointLimitMaterial.uasset" 173
"../../../Engine/Content/EngineMaterials/PreintegratedSkinBRDF.uasset" 174
"../../../Engine/Content/EngineMaterials/RemoveSurfaceMaterial.uasset" 175
"../../../Engine/Content/EngineMaterials/WeightMapPlaceholderTexture.uasset" 176
"../../../Engine/Content/EngineResources/WhiteSquareTexture.uasset" 177
"../../../Engine/Content/EngineMaterials/Widget3DPassThrough.uasset" 178
"../../../Engine/Content/EngineMaterials/Widget3DPassThrough_Masked.uasset" 179
"../../../Engine/Content/EngineMaterials/Widget3DPassThrough_Opaque.uasset" 180
"../../../Engine/Content/EngineMaterials/Widget3DPassThrough_Masked_OneSided.uasset" 181
"../../../Engine/Content/EngineMaterials/Widget3DPassThrough_Opaque_OneSided.uasset" 182
"../../../Engine/Content/EngineMaterials/Widget3DPassThrough_Translucent.uasset" 183
"../../../Engine/Content/EngineMaterials/Widget3DPassThrough_Translucent_OneSided.uasset" 184
"../../../Engine/Content/EngineMeshes/Cube.uasset" 185
"../../../Engine/Content/EngineMeshes/Cylinder.uasset" 186
"../../../Engine/Content/EngineMeshes/Sphere.uasset" 187
"../../../Engine/Content/EngineResources/Black.uasset" 188
"../../../Engine/Content/EngineResources/DefaultTexture.uasset" 189
"../../../Engine/Content/EngineResources/DefaultTextureCube.uasset" 190
"../../../Engine/Content/EngineResources/GradientTexture0.uasset" 191
"../../../Engine/Content/EngineSounds/Master.uasset" 192
"../../../Engine/Content/Functions/Engine_MaterialFunctions01/Shading/ConvertFromDiffSpec.uasset" 193
"../../../Engine/Content/Functions/Engine_MaterialFunctions01/Shading/PowerToRoughness.uasset" 194
"../../../Engine/Content/Maps/Templates/Thumbnails/Default.uasset" 195
"../../../Engine/Content/Maps/Templates/Thumbnails/VR-Basic.uasset" 196
"../../../Engine/Content/MobileResources/T_MobileControls_texture.uasset" 197
"../../../Engine/Content/MobileResources/T_MobileMenu2.uasset" 198
"../../../Engine/Content/MobileResources/HUD/AnalogHat.uasset" 199
"../../../Engine/Content/MobileResources/HUD/VirtualJoystick_Background.uasset" 200
"../../../Engine/Content/MobileResources/HUD/VirtualJoystick_Thumb.uasset" 201
"../../../Engine/Content/MobileResources/HUD/DefaultVirtualJoysticks.uasset" 202
"../../../Engine/Content/MobileResources/HUD/LeftVirtualJoystickOnly.uasset" 203
"../../../Engine/Content/MobileResources/HUD/MobileHUDButton1_off.uasset" 204
"../../../Engine/Content/MobileResources/HUD/MobileHUDButton1_on.uasset" 205
"../../../Engine/Content/MobileResources/HUD/MobileHUDButton2_off.uasset" 206
"../../../Engine/Content/MobileResources/HUD/MobileHUDButton2_on.uasset" 207
"../../../Engine/Content/MobileResources/HUD/MobileHUDButton3.uasset" 208
"../../../Engine/Content/MobileResources/HUD/MobileHUDButtonFire.uasset" 209
"../../../Engine/Content/MobileResources/HUD/MobileHUDDirectionPad.uasset" 210
"../../../Engine/Content/MobileResources/HUD/MobileHUDDirectionPad2.uasset" 211
"../../../Engine/Content/MobileResources/HUD/MobileHUDDirectionPad3.uasset" 212
"../../../Engine/Content/MobileResources/HUD/MobileHUDDirectionStick.uasset" 213
"../../../Engine/Content/MobileResources/HUD/T_Castle_ThumbstickInner.uasset" 214
"../../../Engine/Content/MobileResources/HUD/T_Castle_ThumbstickOutter.uasset" 215
"../../../Engine/Content/Tutorial/ContentIntroCurve.uasset" 216
"../../../Engine/Content/Tutorial/Basics/TutorialAssets/icon_tab_Levels_40x.uasset" 217
"../../../Engine/Content/Tutorial/BlueprintTutorials/TutorialAssets/BlueprintInterface_64x.uasset" 218
"../../../Engine/Content/Tutorial/BlueprintTutorials/TutorialAssets/BlueprintMacroLibrary_64x.uasset" 219
"../../../Engine/Content/Tutorial/BlueprintTutorials/TutorialAssets/Blueprint_64x.uasset" 220
"../../../Engine/Content/Tutorial/BlueprintTutorials/TutorialAssets/Tutorial_BP_Interface.uasset" 221
"../../../Engine/Content/Tutorial/Foliage/TutorialAssets/Foliage.uasset" 222
"../../../Engine/Content/Tutorial/Landscape/TutorialAssets/Landscape.uasset" 223
"../../../Engine/Content/Tutorial/Paper2D/TutorialAssets/Paper2DFlipbook_TutorialIcon.uasset" 224
"../../../Engine/Content/Tutorial/Paper2D/TutorialAssets/Paper2DSprite_TutorialIcon.uasset" 225
"../../../Engine/Content/Tutorial/SubEditors/TutorialAssets/icon_Editor_Preferences_General_40x.uasset" 226
"../../../Engine/Content/Tutorial/SubEditors/TutorialAssets/icon_ShowSkeletalMeshes_40x.uasset" 227
"../../../Engine/Content/Tutorial/SubEditors/TutorialAssets/TutorialMaterial.uasset" 228
"../../../Engine/Content/Tutorial/SubEditors/TutorialAssets/T_SmokeSubUV_8X8.uasset" 229
"../../../Engine/Content/Tutorial/SubEditors/TutorialAssets/T_soft_smoke.uasset" 230
"../../../Engine/Content/Tutorial/SubEditors/TutorialAssets/M_smoke_subUV_blackbody.uasset" 231
"../../../Engine/Content/Tutorial/SubEditors/TutorialAssets/TutorialParticleSystem.uasset" 232
"../../../Engine/Content/VREditor/Devices/Generic/GenericHMDMaterial.uasset" 233
"../../../Engine/Content/VREditor/Devices/Generic/GenericHMD.uasset" 234
"../../../Engine/Content/Functions/Engine_MaterialFunctions02/Utility/BreakOutFloat3Components.uasset" 235
"../../../Engine/Content/VREditor/Devices/Vive/VivePreController_MasksB.uasset" 236
"../../../Engine/Content/VREditor/Devices/Oculus/OculusControllerMaterial.uasset" 237
"../../../Engine/Content/VREditor/Devices/Oculus/OculusControllerMaterial_Inst.uasset" 238
"../../../Engine/Content/VREditor/Devices/Oculus/OculusControllerMesh.uasset" 239
"../../../Engine/Content/VREditor/Devices/Vive/T_VivePreController_EM.uasset" 240
"../../../Engine/Content/VREditor/Devices/Vive/VivePreController_MasksA.uasset" 241
"../../../Engine/Content/VREditor/Devices/Vive/VivePreControllerDiffuse.uasset" 242
"../../../Engine/Content/VREditor/Devices/Vive/VivePreControllerSpec.uasset" 243
"../../../Engine/Content/VREditor/LaserPointer/VR_LaserPower_01.uasset" 244
"../../../Engine/Content/VREditor/Devices/Vive/VivePreControllerMaterial.uasset" 245
"../../../Engine/Content/VREditor/Devices/Vive/VivePreControllerMaterial_Inst.uasset" 246
"../../../Engine/Content/VREditor/Devices/Vive/VivePreControllerMesh.uasset" 247
"../../../Engine/Content/VREditor/FloatingText/LineMaterial.uasset" 248
"../../../Engine/Content/VREditor/FloatingText/JointSphere.uasset" 249
"../../../Engine/Content/VREditor/FloatingText/LineSegmentCylinder.uasset" 250
"../../../Engine/Content/VREditor/Fonts/VRText_RobotoLarge.uasset" 251
"../../../Engine/Content/VREditor/Fonts/VRTextMaterial.uasset" 252
"../../../Engine/Content/VREditor/Fonts/TranslucentVRTextMaterial.uasset" 253
"../../../Engine/Content/VREditor/LaserPointer/CursorPointer.uasset" 254
"../../../Engine/Content/VREditor/TransformGizmo/TransformGizmoMaterial.uasset" 255
"../../../Engine/Content/VREditor/LaserPointer/HoverMaterial.uasset" 256
"../../../Engine/Content/VREditor/TransformGizmo/TranslucentTransformGizmoMaterial.uasset" 257
"../../../Engine/Content/VREditor/LaserPointer/TranslucentHoverMaterial.uasset" 258
"../../../Engine/Content/VREditor/LaserPointer/HoverMesh.uasset" 259
"../../../Engine/Content/VREditor/LaserPointer/LaserPointerMaterial.uasset" 260
"../../../Engine/Content/VREditor/LaserPointer/LaserPointerMaterialInst.uasset" 261
"../../../Engine/Content/VREditor/LaserPointer/TranslucentLaserPointerMaterialInst.uasset" 262
"../../../Engine/Content/VREditor/LaserPointer/LaserPointerMesh.uasset" 263
"../../../Engine/Content/VREditor/LaserPointer/LaserPointerMesh_End.uasset" 264
"../../../Engine/Content/VREditor/LaserPointer/LaserPointerMesh_Start.uasset" 265
"../../../Engine/Content/VREditor/Sounds/VR_teleport.uasset" 266
"../../../Engine/Content/VREditor/Sounds/UI/Click_on_Button.uasset" 267
"../../../Engine/Content/VREditor/Sounds/UI/Click_on_Button_Cue.uasset" 268
"../../../Engine/Content/VREditor/Sounds/UI/Dockable_Window_Close.uasset" 269
"../../../Engine/Content/VREditor/Sounds/UI/Dockable_Window_Drop.uasset" 270
"../../../Engine/Content/VREditor/Sounds/UI/Dockable_Window_Open.uasset" 271
"../../../Engine/Content/VREditor/Sounds/UI/Dockable_Window_Pick_Up.uasset" 272
"../../../Engine/Content/VREditor/Sounds/UI/Drop_Item_From_ContentBrowser.uasset" 273
"../../../Engine/Content/VREditor/Sounds/UI/Floating_UI_Open-001.uasset" 274
"../../../Engine/Content/VREditor/Sounds/UI/Radial_Menu_FadeOut.uasset" 275
"../../../Engine/Content/VREditor/Sounds/UI/Teleport_Mode_Entered.uasset" 276
"../../../Engine/Content/VREditor/Teleport/TeleportDirectionMaterial.uasset" 277
"../../../Engine/Content/VREditor/Teleport/TeleportDirectionMaterial_Inst.uasset" 278
"../../../Engine/Content/VREditor/Teleport/TeleportDirectionMesh.uasset" 279
"../../../Engine/Content/VREditor/TransformGizmo/BoundingBoxCorner.uasset" 280
"../../../Engine/Content/VREditor/TransformGizmo/BoundingBoxEdge.uasset" 281
"../../../Engine/Content/VREditor/TransformGizmo/PlaneTranslationHandle.uasset" 282
"../../../Engine/Content/VREditor/TransformGizmo/Main.uasset" 283
"../../../Engine/Content/VREditor/TransformGizmo/Xray.uasset" 284
"../../../Engine/Content/VREditor/TransformGizmo/SM_Dialog_Close.uasset" 285
"../../../Engine/Content/VREditor/TransformGizmo/SM_Dialog_Move.uasset" 286
"../../../Engine/Content/VREditor/TransformGizmo/SM_Sequencer_Key.uasset" 287
"../../../Engine/Content/VREditor/TransformGizmo/SM_Sequencer_Node.uasset" 288
"../../../Engine/Content/VREditor/TransformGizmo/TransformGizmoMaterial_Inst.uasset" 289
"../../../Engine/Content/VREditor/TransformGizmo/TranslucentTransformGizmoMaterial_Inst.uasset" 290
"../../../Engine/Content/VREditor/Devices/Vive/UE4_Logo.uasset" 291
"../../../Engine/Content/VREditor/UI/M_ContentWindow.uasset" 292
"../../../Engine/Content/VREditor/UI/SM_ContentWindow_01.uasset" 293
"../../../Engine/Content/VREditor/UI/KeyDiskMaterial.uasset" 294
"../../../Engine/Content/VREditor/UI/DiscMaterial.uasset" 295
"../../../Engine/Content/VREditor/UI/SM_Radial_Disk.uasset" 296
"../../../Engine/Content/VREditor/UI/ArrowMaterial.uasset" 297
"../../../Engine/Content/VREditor/UI/SM_Radial_Pointer.uasset" 298
"../../../Engine/Content/VREditor/WorldMovementGrid/SimpleGrid.uasset" 299
"../../../Engine/Content/VREditor/WorldMovementGrid/GridMaterial.uasset" 300
"../../../Engine/Content/Functions/Engine_MaterialFunctions01/Density/ExponentialDensity.uasset" 301
"../../../Engine/Content/VREditor/WorldMovementGrid/GridPostProcess.uasset" 302
"../../../Engine/Content/EditorLandscapeResources/FlattenHeightMat.uasset" 303
"../../../Engine/Content/VREditor/WorldMovementGrid/PlaneMesh.uasset" 304
"../../Plugins/2D/Paper2D/Content/PlaceholderTextures/DummySpriteTexture.uasset" 305
"../../Plugins/2D/Paper2D/Content/DummySprite.uasset" 306
"../../Plugins/2D/Paper2D/Content/DefaultPaperTerrainMaterial.uasset" 307
"../../Plugins/2D/Paper2D/Content/DefaultSpriteMaterial.uasset" 308
"../../Plugins/2D/Paper2D/Content/MaskedUnlitSpriteMaterial.uasset" 309
"../../Plugins/2D/Paper2D/Content/OpaqueUnlitSpriteMaterial.uasset" 310
"../../Plugins/Media/MediaCompositing/Content/DefaultMediaPlaneTexture.uasset" 311
"../../Plugins/Media/MediaCompositing/Content/DefaultMediaPlaneMaterial.uasset" 312
"../../../Engine/Content/Functions/Engine_MaterialFunctions02/Utility/MakeFloat4.uasset" 313
"../../Plugins/Runtime/AppleARKit/Content/ARKitCameraMaterial.uasset" 314
"../../Plugins/Runtime/Oculus/OculusVR/Content/Textures/GearVRController_AO.uasset" 315
"../../Plugins/Runtime/Oculus/OculusVR/Content/Textures/GearVRController_Color.uasset" 316
"../../Plugins/Runtime/Oculus/OculusVR/Content/Textures/GearVRController_Normal.uasset" 317
"../../Plugins/Runtime/Oculus/OculusVR/Content/Materials/GearVRControllerMaterial.uasset" 318
"../../Plugins/Runtime/Oculus/OculusVR/Content/Meshes/GearVrController.uasset" 319
"../../../../../UnrealProjects/MultiplayerSKirov/BattleTank/BattleTankGame/Content/StarterContent/Blueprints/Assets/FogBrightnessLUT.uasset" 320
"../../../../../UnrealProjects/MultiplayerSKirov/BattleTank/BattleTankGame/Content/StarterContent/Blueprints/Assets/SunlightColorLUT.uasset" 321
"../../../../../UnrealProjects/MultiplayerSKirov/BattleTank/BattleTankGame/Content/StarterContent/Blueprints/Assets/M_LightStage_Arrows.uasset" 322
"../../../Engine/Content/MapTemplates/Sky/DaylightAmbientCubemap.uasset" 323
"../../../../../UnrealProjects/MultiplayerSKirov/BattleTank/BattleTankGame/Content/StarterContent/Blueprints/Assets/M_LightStage_Skybox_Master.uasset" 324
"../../../../../UnrealProjects/MultiplayerSKirov/BattleTank/BattleTankGame/Content/StarterContent/Blueprints/Assets/M_LightStage_Skybox_Black.uasset" 325
"../../../../../UnrealProjects/MultiplayerSKirov/BattleTank/BattleTankGame/Content/StarterContent/Blueprints/Assets/M_LightStage_Skybox_HDRI.uasset" 326
"../../../Engine/Content/EditorMaterials/Thumbnails/SkySphereMaterial.uasset" 327
"../../../../../UnrealProjects/MultiplayerSKirov/BattleTank/BattleTankGame/Content/StarterContent/Blueprints/Assets/Skybox.uasset" 328
"../../../../../UnrealProjects/MultiplayerSKirov/BattleTank/BattleTankGame/Content/StarterContent/Blueprints/Assets/SM_Arrows.uasset" 329
"../../../../../UnrealProjects/MultiplayerSKirov/BattleTank/BattleTankGame/Content/StarterContent/HDRI/HDRI_Epic_Courtyard_Daylight.uasset" 330
"../../../../../UnrealProjects/MultiplayerSKirov/BattleTank/BattleTankGame/Content/StarterContent/Blueprints/BP_LightStudio.uasset" 331
"../../../../../UnrealProjects/MultiplayerSKirov/BattleTank/BattleTankGame/Content/StarterContent/Maps/Advanced_Lighting_BuiltData.uasset" 332
"../../../../../UnrealProjects/MultiplayerSKirov/BattleTank/BattleTankGame/Content/StarterContent/Materials/M_AssetPlatform.uasset" 333
"../../../Engine/Content/EditorMeshes/ColorCalibrator/M_ChromeBall.uasset" 334
"../../../Engine/Content/EditorMeshes/ColorCalibrator/M_ClearCoat.uasset" 335
"../../../Engine/Content/EditorMeshes/ColorCalibrator/M_ClearCoatBlack.uasset" 336
"../../../Engine/Content/EditorMeshes/ColorCalibrator/Color_checker.uasset" 337
"../../../Engine/Content/EditorMeshes/ColorCalibrator/M_ColorGrid.uasset" 338
"../../../Engine/Content/EditorMeshes/ColorCalibrator/M_GreyBall.uasset" 339
"../../../Engine/Content/EditorMeshes/ColorCalibrator/SM_ColorCalibrator.uasset" 340
"../../../../../UnrealProjects/MultiplayerSKirov/BattleTank/BattleTankGame/Content/StarterContent/Architecture/SM_AssetPlatform.uasset" 341
"../../../../../UnrealProjects/MultiplayerSKirov/BattleTank/BattleTankGame/Content/StarterContent/Maps/Advanced_Lighting.umap" 342
"../../../Engine/Content/EditorBlueprintResources/StandardMacros.uasset" 343
"../../../Engine/Content/EngineSky/C_Sky_Cloud_Color.uasset" 344
"../../../Engine/Content/EngineSky/C_Sky_Horizon_Color.uasset" 345
"../../../Engine/Content/EngineSky/C_Sky_Zenith_Color.uasset" 346
"../../../Engine/Content/EngineSky/T_Sky_Blue.uasset" 347
"../../../Engine/Content/EngineSky/T_Sky_Clouds_M.uasset" 348
"../../../Engine/Content/EngineSky/T_Sky_Stars.uasset" 349
"../../../Engine/Content/EngineSky/M_Sky_Panning_Clouds2.uasset" 350
"../../../Engine/Content/EngineSky/SM_SkySphere.uasset" 351
"../../../Engine/Content/EngineSky/BP_Sky_Sphere.uasset" 352
"../../../../../UnrealProjects/MultiplayerSKirov/BattleTank/BattleTankGame/Content/StarterContent/Maps/Minimal_Default_BuiltData.uasset" 353
"../../../../../UnrealProjects/MultiplayerSKirov/BattleTank/BattleTankGame/Content/StarterContent/Textures/T_MacroVariation.uasset" 354
"../../../../../UnrealProjects/MultiplayerSKirov/BattleTank/BattleTankGame/Content/StarterContent/Materials/M_Metal_Brushed_Nickel.uasset" 355
"../../../../../UnrealProjects/MultiplayerSKirov/BattleTank/BattleTankGame/Content/StarterContent/Textures/T_Metal_Aluminum_D.uasset" 356
"../../../../../UnrealProjects/MultiplayerSKirov/BattleTank/BattleTankGame/Content/StarterContent/Textures/T_Metal_Gold_N.uasset" 357
"../../../../../UnrealProjects/MultiplayerSKirov/BattleTank/BattleTankGame/Content/StarterContent/Materials/M_Metal_Burnished_Steel.uasset" 358
"../../../../../UnrealProjects/MultiplayerSKirov/BattleTank/BattleTankGame/Content/StarterContent/Textures/T_Metal_Copper_D.uasset" 359
"../../../../../UnrealProjects/MultiplayerSKirov/BattleTank/BattleTankGame/Content/StarterContent/Materials/M_Metal_Copper.uasset" 360
"../../../../../UnrealProjects/MultiplayerSKirov/BattleTank/BattleTankGame/Content/StarterContent/Textures/T_Statue_M.uasset" 361
"../../../../../UnrealProjects/MultiplayerSKirov/BattleTank/BattleTankGame/Content/StarterContent/Textures/T_Statue_N.uasset" 362
"../../../../../UnrealProjects/MultiplayerSKirov/BattleTank/BattleTankGame/Content/StarterContent/Props/Materials/M_StatueGlass.uasset" 363
"../../../../../UnrealProjects/MultiplayerSKirov/BattleTank/BattleTankGame/Content/StarterContent/Architecture/Floor_400x400.uasset" 364
"../../../../../UnrealProjects/MultiplayerSKirov/BattleTank/BattleTankGame/Content/StarterContent/Audio/Starter_Background_Cue.uasset" 365
"../../../../../UnrealProjects/MultiplayerSKirov/BattleTank/BattleTankGame/Content/StarterContent/Props/SM_Chair.uasset" 366
"../../../../../UnrealProjects/MultiplayerSKirov/BattleTank/BattleTankGame/Content/StarterContent/Props/Materials/M_Statue.uasset" 367
"../../../../../UnrealProjects/MultiplayerSKirov/BattleTank/BattleTankGame/Content/StarterContent/Props/SM_Statue.uasset" 368
"../../../../../UnrealProjects/MultiplayerSKirov/BattleTank/BattleTankGame/Content/StarterContent/Textures/T_TableRound_M.uasset" 369
"../../../../../UnrealProjects/MultiplayerSKirov/BattleTank/BattleTankGame/Content/StarterContent/Textures/T_TableRound_N.uasset" 370
"../../../../../UnrealProjects/MultiplayerSKirov/BattleTank/BattleTankGame/Content/StarterContent/Props/Materials/M_TableRound.uasset" 371
"../../../../../UnrealProjects/MultiplayerSKirov/BattleTank/BattleTankGame/Content/StarterContent/Props/SM_TableRound.uasset" 372
"../../../../../UnrealProjects/MultiplayerSKirov/BattleTank/BattleTankGame/Content/StarterContent/Maps/Minimal_Default.umap" 373
"../../../../../UnrealProjects/MultiplayerSKirov/BattleTank/BattleTankGame/Content/StarterContent/Audio/Fire01_Cue.uasset" 374
"../../../../../UnrealProjects/MultiplayerSKirov/BattleTank/BattleTankGame/Content/StarterContent/Textures/T_Fire_SubUV.uasset" 375
"../../../../../UnrealProjects/MultiplayerSKirov/BattleTank/BattleTankGame/Content/StarterContent/Textures/T_Fire_Tiled_D.uasset" 376
"../../../../../UnrealProjects/MultiplayerSKirov/BattleTank/BattleTankGame/Content/StarterContent/Particles/Materials/M_Fire_SubUV.uasset" 377
"../../../../../UnrealProjects/MultiplayerSKirov/BattleTank/BattleTankGame/Content/StarterContent/Textures/T_Water_N.uasset" 378
"../../../../../UnrealProjects/MultiplayerSKirov/BattleTank/BattleTankGame/Content/StarterContent/Particles/Materials/M_Heat_Distortion.uasset" 379
"../../../../../UnrealProjects/MultiplayerSKirov/BattleTank/BattleTankGame/Content/StarterContent/Particles/Materials/M_Radial_Gradient.uasset" 380
"../../../../../UnrealProjects/MultiplayerSKirov/BattleTank/BattleTankGame/Content/StarterContent/Particles/P_Fire.uasset" 381
"../../../../../UnrealProjects/MultiplayerSKirov/BattleTank/BattleTankGame/Content/StarterContent/Blueprints/Blueprint_Effect_Fire.uasset" 382
"../../../../../UnrealProjects/MultiplayerSKirov/BattleTank/BattleTankGame/Content/StarterContent/Audio/Smoke01_Cue.uasset" 383
"../../../../../UnrealProjects/MultiplayerSKirov/BattleTank/BattleTankGame/Content/StarterContent/Particles/P_Smoke.uasset" 384
"../../../../../UnrealProjects/MultiplayerSKirov/BattleTank/BattleTankGame/Content/StarterContent/Blueprints/Blueprint_Effect_Smoke.uasset" 385
"../../../../../UnrealProjects/MultiplayerSKirov/BattleTank/BattleTankGame/Content/StarterContent/Audio/Fire_Sparks01_Cue.uasset" 386
"../../../../../UnrealProjects/MultiplayerSKirov/BattleTank/BattleTankGame/Content/StarterContent/Textures/T_Spark_Core.uasset" 387
"../../../../../UnrealProjects/MultiplayerSKirov/BattleTank/BattleTankGame/Content/StarterContent/Particles/Materials/M_Spark.uasset" 388
"../../../../../UnrealProjects/MultiplayerSKirov/BattleTank/BattleTankGame/Content/StarterContent/Particles/P_Sparks.uasset" 389
"../../../../../UnrealProjects/MultiplayerSKirov/BattleTank/BattleTankGame/Content/StarterContent/Blueprints/Blueprint_Effect_Sparks.uasset" 390
"../../../../../UnrealProjects/MultiplayerSKirov/BattleTank/BattleTankGame/Content/StarterContent/Audio/Steam01_Cue.uasset" 391
"../../../../../UnrealProjects/MultiplayerSKirov/BattleTank/BattleTankGame/Content/StarterContent/Particles/P_Steam_Lit.uasset" 392
"../../../../../UnrealProjects/MultiplayerSKirov/BattleTank/BattleTankGame/Content/StarterContent/Blueprints/Blueprint_Effect_Steam.uasset" 393
"../../../../../UnrealProjects/MultiplayerSKirov/BattleTank/BattleTankGame/Content/StarterContent/Textures/T_Lamp_M.uasset" 394
"../../../../../UnrealProjects/MultiplayerSKirov/BattleTank/BattleTankGame/Content/StarterContent/Textures/T_Lamp_N.uasset" 395
"../../../../../UnrealProjects/MultiplayerSKirov/BattleTank/BattleTankGame/Content/StarterContent/Props/Materials/M_Lamp.uasset" 396
"../../../../../UnrealProjects/MultiplayerSKirov/BattleTank/BattleTankGame/Content/StarterContent/Props/SM_Lamp_Ceiling.uasset" 397
"../../../../../UnrealProjects/MultiplayerSKirov/BattleTank/BattleTankGame/Content/StarterContent/Blueprints/Blueprint_CeilingLight.uasset" 398
"../../../../../UnrealProjects/MultiplayerSKirov/BattleTank/BattleTankGame/Content/StarterContent/Props/SM_Lamp_Wall.uasset" 399
"../../../../../UnrealProjects/MultiplayerSKirov/BattleTank/BattleTankGame/Content/StarterContent/Blueprints/Blueprint_WallSconce.uasset" 400
"../../../../../UnrealProjects/MultiplayerSKirov/BattleTank/BattleTankGame/Content/StarterContent/Maps/StarterMap_BuiltData.uasset" 401
"../../../Engine/Content/Functions/Engine_MaterialFunctions03/Procedurals/ComputeFilterWidth.uasset" 402
"../../../Engine/Content/EngineMaterials/AntiAliasedTextMaterialTranslucent.uasset" 403
"../../../../../UnrealProjects/MultiplayerSKirov/BattleTank/BattleTankGame/Content/StarterContent/Textures/T_Brick_Clay_Beveled_D.uasset" 404
"../../../../../UnrealProjects/MultiplayerSKirov/BattleTank/BattleTankGame/Content/StarterContent/Textures/T_Brick_Clay_Beveled_M.uasset" 405
"../../../../../UnrealProjects/MultiplayerSKirov/BattleTank/BattleTankGame/Content/StarterContent/Textures/T_Brick_Clay_Beveled_N.uasset" 406
"../../../../../UnrealProjects/MultiplayerSKirov/BattleTank/BattleTankGame/Content/StarterContent/Materials/M_Brick_Clay_Beveled.uasset" 407
"../../../../../UnrealProjects/MultiplayerSKirov/BattleTank/BattleTankGame/Content/StarterContent/Textures/T_Brick_Clay_New_D.uasset" 408
"../../../../../UnrealProjects/MultiplayerSKirov/BattleTank/BattleTankGame/Content/StarterContent/Textures/T_Brick_Clay_New_M.uasset" 409
"../../../../../UnrealProjects/MultiplayerSKirov/BattleTank/BattleTankGame/Content/StarterContent/Textures/T_Brick_Clay_New_N.uasset" 410
"../../../../../UnrealProjects/MultiplayerSKirov/BattleTank/BattleTankGame/Content/StarterContent/Materials/M_Brick_Clay_New.uasset" 411
"../../../../../UnrealProjects/MultiplayerSKirov/BattleTank/BattleTankGame/Content/StarterContent/Textures/T_Brick_Clay_Old_D.uasset" 412
"../../../../../UnrealProjects/MultiplayerSKirov/BattleTank/BattleTankGame/Content/StarterContent/Textures/T_Brick_Clay_Old_N.uasset" 413
"../../../../../UnrealProjects/MultiplayerSKirov/BattleTank/BattleTankGame/Content/StarterContent/Textures/T_Perlin_Noise_M.uasset" 414
"../../../../../UnrealProjects/MultiplayerSKirov/BattleTank/BattleTankGame/Content/StarterContent/Materials/M_Brick_Clay_Old.uasset" 415
"../../../../../UnrealProjects/MultiplayerSKirov/BattleTank/BattleTankGame/Content/StarterContent/Textures/T_Brick_Cut_Stone_D.uasset" 416
"../../../../../UnrealProjects/MultiplayerSKirov/BattleTank/BattleTankGame/Content/StarterContent/Textures/T_Brick_Cut_Stone_N.uasset" 417
"../../../../../UnrealProjects/MultiplayerSKirov/BattleTank/BattleTankGame/Content/StarterContent/Materials/M_Brick_Cut_Stone.uasset" 418
"../../../../../UnrealProjects/MultiplayerSKirov/BattleTank/BattleTankGame/Content/StarterContent/Textures/T_Brick_Hewn_Stone_D.uasset" 419
"../../../../../UnrealProjects/MultiplayerSKirov/BattleTank/BattleTankGame/Content/StarterContent/Textures/T_Brick_Hewn_Stone_M.uasset" 420
"../../../../../UnrealProjects/MultiplayerSKirov/BattleTank/BattleTankGame/Content/StarterContent/Textures/T_Brick_Hewn_Stone_N.uasset" 421
"../../../../../UnrealProjects/MultiplayerSKirov/BattleTank/BattleTankGame/Content/StarterContent/Materials/M_Brick_Hewn_Stone.uasset" 422
"../../../../../UnrealProjects/MultiplayerSKirov/BattleTank/BattleTankGame/Content/StarterContent/Textures/T_Ceramic_Tile_M.uasset" 423
"../../../../../UnrealProjects/MultiplayerSKirov/BattleTank/BattleTankGame/Content/StarterContent/Textures/T_Ceramic_Tile_N.uasset" 424
"../../../../../UnrealProjects/MultiplayerSKirov/BattleTank/BattleTankGame/Content/StarterContent/Textures/T_Rock_Marble_Polished_D.uasset" 425
"../../../../../UnrealProjects/MultiplayerSKirov/BattleTank/BattleTankGame/Content/StarterContent/Materials/M_Ceramic_Tile_Checker.uasset" 426
"../../../../../UnrealProjects/MultiplayerSKirov/BattleTank/BattleTankGame/Content/StarterContent/Textures/T_CobbleStone_Pebble_D.uasset" 427
"../../../../../UnrealProjects/MultiplayerSKirov/BattleTank/BattleTankGame/Content/StarterContent/Textures/T_CobbleStone_Pebble_M.uasset" 428
"../../../../../UnrealProjects/MultiplayerSKirov/BattleTank/BattleTankGame/Content/StarterContent/Textures/T_CobbleStone_Pebble_N.uasset" 429
"../../../../../UnrealProjects/MultiplayerSKirov/BattleTank/BattleTankGame/Content/StarterContent/Materials/M_CobbleStone_Pebble.uasset" 430
"../../../../../UnrealProjects/MultiplayerSKirov/BattleTank/BattleTankGame/Content/StarterContent/Textures/T_CobbleStone_Rough_D.uasset" 431
"../../../../../UnrealProjects/MultiplayerSKirov/BattleTank/BattleTankGame/Content/StarterContent/Textures/T_CobbleStone_Rough_N.uasset" 432
"../../../../../UnrealProjects/MultiplayerSKirov/BattleTank/BattleTankGame/Content/StarterContent/Textures/T_Gradinet_01.uasset" 433
"../../../../../UnrealProjects/MultiplayerSKirov/BattleTank/BattleTankGame/Content/StarterContent/Textures/T_Rock_Smooth_Granite_D.uasset" 434
"../../../../../UnrealProjects/MultiplayerSKirov/BattleTank/BattleTankGame/Content/StarterContent/Materials/M_CobbleStone_Rough.uasset" 435
"../../../../../UnrealProjects/MultiplayerSKirov/BattleTank/BattleTankGame/Content/StarterContent/Textures/T_CobbleStone_Smooth_D.uasset" 436
"../../../../../UnrealProjects/MultiplayerSKirov/BattleTank/BattleTankGame/Content/StarterContent/Textures/T_CobbleStone_Smooth_M.uasset" 437
"../../../../../UnrealProjects/MultiplayerSKirov/BattleTank/BattleTankGame/Content/StarterContent/Textures/T_CobbleStone_Smooth_N.uasset" 438
"../../../../../UnrealProjects/MultiplayerSKirov/BattleTank/BattleTankGame/Content/StarterContent/Materials/M_CobbleStone_Smooth.uasset" 439
"../../../../../UnrealProjects/MultiplayerSKirov/BattleTank/BattleTankGame/Content/StarterContent/Textures/T_Concrete_Grime_D.uasset" 440
"../../../../../UnrealProjects/MultiplayerSKirov/BattleTank/BattleTankGame/Content/StarterContent/Textures/T_Metal_Rust_N.uasset" 441
"../../../../../UnrealProjects/MultiplayerSKirov/BattleTank/BattleTankGame/Content/StarterContent/Materials/M_Concrete_Grime.uasset" 442
"../../../../../UnrealProjects/MultiplayerSKirov/BattleTank/BattleTankGame/Content/StarterContent/Textures/T_Concrete_Panels_D.uasset" 443
"../../../../../UnrealProjects/MultiplayerSKirov/BattleTank/BattleTankGame/Content/StarterContent/Textures/T_Concrete_Panels_N.uasset" 444
"../../../../../UnrealProjects/MultiplayerSKirov/BattleTank/BattleTankGame/Content/StarterContent/Materials/M_Concrete_Panels.uasset" 445
"../../../../../UnrealProjects/MultiplayerSKirov/BattleTank/BattleTankGame/Content/StarterContent/Textures/T_Concrete_Poured_D.uasset" 446
"../../../../../UnrealProjects/MultiplayerSKirov/BattleTank/BattleTankGame/Content/StarterContent/Textures/T_Concrete_Poured_N.uasset" 447
"../../../../../UnrealProjects/MultiplayerSKirov/BattleTank/BattleTankGame/Content/StarterContent/Materials/M_Concrete_Poured.uasset" 448
"../../../../../UnrealProjects/MultiplayerSKirov/BattleTank/BattleTankGame/Content/StarterContent/Textures/T_Concrete_Tiles_D.uasset" 449
"../../../../../UnrealProjects/MultiplayerSKirov/BattleTank/BattleTankGame/Content/StarterContent/Textures/T_Concrete_Tiles_M.uasset" 450
"../../../../../UnrealProjects/MultiplayerSKirov/BattleTank/BattleTankGame/Content/StarterContent/Textures/T_Concrete_Tiles_N.uasset" 451
"../../../../../UnrealProjects/MultiplayerSKirov/BattleTank/BattleTankGame/Content/StarterContent/Textures/T_Concrete_Tiles_Variation_M.uasset" 452
"../../../../../UnrealProjects/MultiplayerSKirov/BattleTank/BattleTankGame/Content/StarterContent/Materials/M_Concrete_Tiles.uasset" 453
"../../../../../UnrealProjects/MultiplayerSKirov/BattleTank/BattleTankGame/Content/StarterContent/Textures/T_Ground_Grass_D.uasset" 454
"../../../../../UnrealProjects/MultiplayerSKirov/BattleTank/BattleTankGame/Content/StarterContent/Textures/T_Ground_Grass_N.uasset" 455
"../../../../../UnrealProjects/MultiplayerSKirov/BattleTank/BattleTankGame/Content/StarterContent/Materials/M_Ground_Grass.uasset" 456
"../../../../../UnrealProjects/MultiplayerSKirov/BattleTank/BattleTankGame/Content/StarterContent/Textures/T_Ground_Gravel_D.uasset" 457
"../../../../../UnrealProjects/MultiplayerSKirov/BattleTank/BattleTankGame/Content/StarterContent/Textures/T_Ground_Gravel_N.uasset" 458
"../../../../../UnrealProjects/MultiplayerSKirov/BattleTank/BattleTankGame/Content/StarterContent/Materials/M_Ground_Gravel.uasset" 459
"../../../../../UnrealProjects/MultiplayerSKirov/BattleTank/BattleTankGame/Content/StarterContent/Textures/T_ground_Moss_D.uasset" 460
"../../../../../UnrealProjects/MultiplayerSKirov/BattleTank/BattleTankGame/Content/StarterContent/Textures/T_Ground_Moss_N.uasset" 461
"../../../../../UnrealProjects/MultiplayerSKirov/BattleTank/BattleTankGame/Content/StarterContent/Materials/M_Ground_Moss.uasset" 462
"../../../../../UnrealProjects/MultiplayerSKirov/BattleTank/BattleTankGame/Content/StarterContent/Materials/M_Metal_Chrome.uasset" 463
"../../../../../UnrealProjects/MultiplayerSKirov/BattleTank/BattleTankGame/Content/StarterContent/Textures/T_Metal_Gold_D.uasset" 464
"../../../../../UnrealProjects/MultiplayerSKirov/BattleTank/BattleTankGame/Content/StarterContent/Materials/M_Metal_Gold.uasset" 465
"../../../../../UnrealProjects/MultiplayerSKirov/BattleTank/BattleTankGame/Content/StarterContent/Textures/T_Metal_Rust_D.uasset" 466
"../../../../../UnrealProjects/MultiplayerSKirov/BattleTank/BattleTankGame/Content/StarterContent/Materials/M_Metal_Rust.uasset" 467
"../../../../../UnrealProjects/MultiplayerSKirov/BattleTank/BattleTankGame/Content/StarterContent/Textures/T_Metal_Steel_D.uasset" 468
"../../../../../UnrealProjects/MultiplayerSKirov/BattleTank/BattleTankGame/Content/StarterContent/Textures/T_Metal_Steel_N.uasset" 469
"../../../../../UnrealProjects/MultiplayerSKirov/BattleTank/BattleTankGame/Content/StarterContent/Materials/M_Metal_Steel.uasset" 470
"../../../../../UnrealProjects/MultiplayerSKirov/BattleTank/BattleTankGame/Content/StarterContent/Textures/T_Rock_Basalt_N.uasset" 471
"../../../../../UnrealProjects/MultiplayerSKirov/BattleTank/BattleTankGame/Content/StarterContent/Materials/M_Rock_Basalt.uasset" 472
"../../../../../UnrealProjects/MultiplayerSKirov/BattleTank/BattleTankGame/Content/StarterContent/Materials/M_Rock_Marble_Polished.uasset" 473
"../../../../../UnrealProjects/MultiplayerSKirov/BattleTank/BattleTankGame/Content/StarterContent/Textures/T_Rock_Sandstone_D.uasset" 474
"../../../../../UnrealProjects/MultiplayerSKirov/BattleTank/BattleTankGame/Content/StarterContent/Textures/T_Rock_Sandstone_N.uasset" 475
"../../../../../UnrealProjects/MultiplayerSKirov/BattleTank/BattleTankGame/Content/StarterContent/Materials/M_Rock_Sandstone.uasset" 476
"../../../../../UnrealProjects/MultiplayerSKirov/BattleTank/BattleTankGame/Content/StarterContent/Textures/T_Rock_Slate_D.uasset" 477
"../../../../../UnrealProjects/MultiplayerSKirov/BattleTank/BattleTankGame/Content/StarterContent/Textures/T_Rock_Slate_N.uasset" 478
"../../../../../UnrealProjects/MultiplayerSKirov/BattleTank/BattleTankGame/Content/StarterContent/Materials/M_Rock_Slate.uasset" 479
"../../../../../UnrealProjects/MultiplayerSKirov/BattleTank/BattleTankGame/Content/StarterContent/Textures/T_Checker_Noise_M.uasset" 480
"../../../../../UnrealProjects/MultiplayerSKirov/BattleTank/BattleTankGame/Content/StarterContent/Textures/T_Single_Tile_N.uasset" 481
"../../../../../UnrealProjects/MultiplayerSKirov/BattleTank/BattleTankGame/Content/StarterContent/Textures/T_Tech_Dot_M.uasset" 482
"../../../../../UnrealProjects/MultiplayerSKirov/BattleTank/BattleTankGame/Content/StarterContent/Textures/T_Tech_Dot_N.uasset" 483
"../../../../../UnrealProjects/MultiplayerSKirov/BattleTank/BattleTankGame/Content/StarterContent/Materials/M_Tech_Checker_Dot.uasset" 484
"../../../../../UnrealProjects/MultiplayerSKirov/BattleTank/BattleTankGame/Content/StarterContent/Textures/T_Tech_Hex_Tile_M.uasset" 485
"../../../../../UnrealProjects/MultiplayerSKirov/BattleTank/BattleTankGame/Content/StarterContent/Textures/T_Tech_Hex_Tile_N.uasset" 486
"../../../../../UnrealProjects/MultiplayerSKirov/BattleTank/BattleTankGame/Content/StarterContent/Materials/M_Tech_Hex_Tile.uasset" 487
"../../../../../UnrealProjects/MultiplayerSKirov/BattleTank/BattleTankGame/Content/StarterContent/Materials/M_Tech_Hex_Tile_Pulse.uasset" 488
"../../../../../UnrealProjects/MultiplayerSKirov/BattleTank/BattleTankGame/Content/StarterContent/Textures/T_Tech_Panel_M.uasset" 489
"../../../../../UnrealProjects/MultiplayerSKirov/BattleTank/BattleTankGame/Content/StarterContent/Textures/T_Tech_Panel_N.uasset" 490
"../../../../../UnrealProjects/MultiplayerSKirov/BattleTank/BattleTankGame/Content/StarterContent/Materials/M_Tech_Panel.uasset" 491
"../../../../../UnrealProjects/MultiplayerSKirov/BattleTank/BattleTankGame/Content/StarterContent/Materials/M_Water_Lake.uasset" 492
"../../../../../UnrealProjects/MultiplayerSKirov/BattleTank/BattleTankGame/Content/StarterContent/Textures/T_Water_M.uasset" 493
"../../../../../UnrealProjects/MultiplayerSKirov/BattleTank/BattleTankGame/Content/StarterContent/Materials/M_Water_Ocean.uasset" 494
"../../../../../UnrealProjects/MultiplayerSKirov/BattleTank/BattleTankGame/Content/StarterContent/Textures/T_Wood_Floor_Walnut_D.uasset" 495
"../../../../../UnrealProjects/MultiplayerSKirov/BattleTank/BattleTankGame/Content/StarterContent/Textures/T_Wood_Floor_Walnut_M.uasset" 496
"../../../../../UnrealProjects/MultiplayerSKirov/BattleTank/BattleTankGame/Content/StarterContent/Textures/T_Wood_Floor_Walnut_N.uasset" 497
"../../../../../UnrealProjects/MultiplayerSKirov/BattleTank/BattleTankGame/Content/StarterContent/Materials/M_Wood_Floor_Walnut_Polished.uasset" 498
"../../../Engine/Content/Functions/Engine_MaterialFunctions01/Opacity/AlphaOffset.uasset" 499
"../../../../../UnrealProjects/MultiplayerSKirov/BattleTank/BattleTankGame/Content/StarterContent/Materials/M_Wood_Floor_Walnut_Worn.uasset" 500
"../../../../../UnrealProjects/MultiplayerSKirov/BattleTank/BattleTankGame/Content/StarterContent/Textures/T_Wood_Oak_D.uasset" 501
"../../../../../UnrealProjects/MultiplayerSKirov/BattleTank/BattleTankGame/Content/StarterContent/Textures/T_Wood_Oak_N.uasset" 502
"../../../../../UnrealProjects/MultiplayerSKirov/BattleTank/BattleTankGame/Content/StarterContent/Materials/M_Wood_Oak.uasset" 503
"../../../../../UnrealProjects/MultiplayerSKirov/BattleTank/BattleTankGame/Content/StarterContent/Textures/T_Wood_Pine_D.uasset" 504
"../../../../../UnrealProjects/MultiplayerSKirov/BattleTank/BattleTankGame/Content/StarterContent/Textures/T_Wood_Pine_N.uasset" 505
"../../../../../UnrealProjects/MultiplayerSKirov/BattleTank/BattleTankGame/Content/StarterContent/Materials/M_Wood_Pine.uasset" 506
"../../../../../UnrealProjects/MultiplayerSKirov/BattleTank/BattleTankGame/Content/StarterContent/Textures/T_Wood_Walnut_D.uasset" 507
"../../../../../UnrealProjects/MultiplayerSKirov/BattleTank/BattleTankGame/Content/StarterContent/Textures/T_Wood_Walnut_N.uasset" 508
"../../../../../UnrealProjects/MultiplayerSKirov/BattleTank/BattleTankGame/Content/StarterContent/Materials/M_Wood_Walnut.uasset" 509
"../../../../../UnrealProjects/MultiplayerSKirov/BattleTank/BattleTankGame/Content/StarterContent/Architecture/Wall_400x200.uasset" 510
"../../../../../UnrealProjects/MultiplayerSKirov/BattleTank/BattleTankGame/Content/StarterContent/Architecture/Wall_Door_400x300.uasset" 511
"../../../../../UnrealProjects/MultiplayerSKirov/BattleTank/BattleTankGame/Content/StarterContent/Architecture/Wall_Window_400x300.uasset" 512
"../../../../../UnrealProjects/MultiplayerSKirov/BattleTank/BattleTankGame/Content/StarterContent/Audio/Collapse_Cue.uasset" 513
"../../../../../UnrealProjects/MultiplayerSKirov/BattleTank/BattleTankGame/Content/StarterContent/Audio/Starter_Music_Cue.uasset" 514
"../../../../../UnrealProjects/MultiplayerSKirov/BattleTank/BattleTankGame/Content/StarterContent/Textures/T_Dust_Particle_D.uasset" 515
"../../../../../UnrealProjects/MultiplayerSKirov/BattleTank/BattleTankGame/Content/StarterContent/Particles/Materials/M_Dust_Particle.uasset" 516
"../../../../../UnrealProjects/MultiplayerSKirov/BattleTank/BattleTankGame/Content/StarterContent/Particles/P_Ambient_Dust.uasset" 517
"../../../../../UnrealProjects/MultiplayerSKirov/BattleTank/BattleTankGame/Content/StarterContent/Props/MaterialSphere.uasset" 518
"../../../../../UnrealProjects/MultiplayerSKirov/BattleTank/BattleTankGame/Content/StarterContent/Textures/T_Frame_M.uasset" 519
"../../../../../UnrealProjects/MultiplayerSKirov/BattleTank/BattleTankGame/Content/StarterContent/Textures/T_Frame_N.uasset" 520
"../../../../../UnrealProjects/MultiplayerSKirov/BattleTank/BattleTankGame/Content/StarterContent/Props/Materials/M_Frame.uasset" 521
"../../../../../UnrealProjects/MultiplayerSKirov/BattleTank/BattleTankGame/Content/StarterContent/Props/SM_CornerFrame.uasset" 522
"../../../../../UnrealProjects/MultiplayerSKirov/BattleTank/BattleTankGame/Content/StarterContent/Props/SM_DoorFrame.uasset" 523
"../../../../../UnrealProjects/MultiplayerSKirov/BattleTank/BattleTankGame/Content/StarterContent/Props/SM_GlassWindow.uasset" 524
"../../../../../UnrealProjects/MultiplayerSKirov/BattleTank/BattleTankGame/Content/StarterContent/Props/SM_PillarFrame.uasset" 525
"../../../../../UnrealProjects/MultiplayerSKirov/BattleTank/BattleTankGame/Content/StarterContent/Props/SM_PillarFrame300.uasset" 526
"../../../../../UnrealProjects/MultiplayerSKirov/BattleTank/BattleTankGame/Content/StarterContent/Props/SM_WindowFrame.uasset" 527
"../../../../../UnrealProjects/MultiplayerSKirov/BattleTank/BattleTankGame/Content/StarterContent/Shapes/Shape_Cube.uasset" 528
"../../../../../UnrealProjects/MultiplayerSKirov/BattleTank/BattleTankGame/Content/StarterContent/Shapes/Shape_QuadPyramid.uasset" 529
"../../../../../UnrealProjects/MultiplayerSKirov/BattleTank/BattleTankGame/Content/StarterContent/Shapes/Shape_Sphere.uasset" 530
"../../../../../UnrealProjects/MultiplayerSKirov/BattleTank/BattleTankGame/Content/StarterContent/Maps/StarterMap.umap" 531
"../../../../../UnrealProjects/MultiplayerSKirov/BattleTank/BattleTankGame/Content/UI/PlayerUI.uasset" 532
"../../../../../UnrealProjects/MultiplayerSKirov/BattleTank/BattleTankGame/Content/PlayerController_BP.uasset" 533
"../../../../../UnrealProjects/MultiplayerSKirov/BattleTank/BattleTankGame/Content/Tiger/Tiger-Tank-Packed_Barrel.uasset" 534
"../../../../../UnrealProjects/MultiplayerSKirov/BattleTank/BattleTankGame/Content/Tiger/Tiger-Tank-Packed_Tracks.uasset" 535
"../../../../../UnrealProjects/MultiplayerSKirov/BattleTank/BattleTankGame/Content/Tiger/Tiger-Tank-Packed_Turret.uasset" 536
"../../../../../UnrealProjects/MultiplayerSKirov/BattleTank/BattleTankGame/Content/Tiger/Tiger-Tank-Packed_Hull.uasset" 537
"../../../../../UnrealProjects/MultiplayerSKirov/BattleTank/BattleTankGame/Content/Tiger/Tiger_BP.uasset" 538
"../../../../../UnrealProjects/MultiplayerSKirov/BattleTank/BattleTankGame/Content/BattleTankGamemode_BP.uasset" 539
"../../../../../UnrealProjects/MultiplayerSKirov/BattleTank/BattleTankGame/Content/T-34/t34_Gun.uasset" 540
"../../../../../UnrealProjects/MultiplayerSKirov/BattleTank/BattleTankGame/Content/T-34/t34_TireTrack.uasset" 541
"../../../../../UnrealProjects/MultiplayerSKirov/BattleTank/BattleTankGame/Content/T-34/t34_Turret.uasset" 542
"../../../../../UnrealProjects/MultiplayerSKirov/BattleTank/BattleTankGame/Content/T-34/t34_Hull.uasset" 543
"../../../../../UnrealProjects/MultiplayerSKirov/BattleTank/BattleTankGame/Content/T-34/T-34_BP.uasset" 544
"../../../../../UnrealProjects/MultiplayerSKirov/BattleTank/BattleTankGame/Content/Battleground_sharedassets/Dirt_LayerInfo.uasset" 545
"../../../../../UnrealProjects/MultiplayerSKirov/BattleTank/BattleTankGame/Content/Battleground_sharedassets/Grass_LayerInfo.uasset" 546
"../../../../../UnrealProjects/MultiplayerSKirov/BattleTank/BattleTankGame/Content/_Levels/Battleground_BuiltData.uasset" 547
"../../../../../UnrealProjects/MultiplayerSKirov/BattleTank/BattleTankGame/Content/Landscape.uasset" 548
"../../../Engine/Content/EngineMaterials/DefaultPhysicalMaterial.uasset" 549
"../../../../../UnrealProjects/MultiplayerSKirov/BattleTank/BattleTankGame/Content/_Levels/Battleground.umap" 550
"../../../../../UnrealProjects/MultiplayerSKirov/BattleTank/BattleTankGame/Content/Battleground_LowPoly_sharedassets/Blue_LayerInfo_LP.uasset" 551
"../../../../../UnrealProjects/MultiplayerSKirov/BattleTank/BattleTankGame/Content/Battleground_LowPoly_sharedassets/Dirt_LayerInfo_LP.uasset" 552
"../../../../../UnrealProjects/MultiplayerSKirov/BattleTank/BattleTankGame/Content/Battleground_LowPoly_sharedassets/Grass_LayerInfo_LP.uasset" 553
"../../../../../UnrealProjects/MultiplayerSKirov/BattleTank/BattleTankGame/Content/_Levels/Battleground_LowPoly_BuiltData.uasset" 554
"../../../../../UnrealProjects/MultiplayerSKirov/BattleTank/BattleTankGame/Content/LandscapeLowPoly.uasset" 555
"../../../../../UnrealProjects/MultiplayerSKirov/BattleTank/BattleTankGame/Content/_Levels/Battleground_LowPoly.umap" 556
"../../../../../UnrealProjects/MultiplayerSKirov/BattleTank/BattleTankGame/Content/UI/Germania.uasset" 557
"../../../../../UnrealProjects/MultiplayerSKirov/BattleTank/BattleTankGame/Content/UI/Germania_Font.uasset" 558
"../../../../../UnrealProjects/MultiplayerSKirov/BattleTank/BattleTankGame/Content/UI/MainMenu.uasset" 559
"../../../../../UnrealProjects/MultiplayerSKirov/BattleTank/BattleTankGame/Content/UI/MainMenuUI.uasset" 560
"../../../../../UnrealProjects/MultiplayerSKirov/BattleTank/BattleTankGame/Content/_Levels/MainMenu.umap" 561
"../../../Engine/Content/Maps/Entry.umap" 562
